<?xml version="1.0" encoding="UTF-8"?>
<!-- Generated by org.testng.reporters.JUnitReportReporter -->
<testsuite hostname="DESKTOP-IVI0LCO" failures="0" tests="1" name="vTiger.Practice.BaseClassPractice" time="0.018" errors="0" timestamp="2022-12-11T13:30:00 IST" skipped="0">
  <testcase classname="vTiger.Practice.BaseClassPractice" name="test" time="0.018"/>
  <system-out/>
</testsuite> <!-- vTiger.Practice.BaseClassPractice -->
