<?xml version="1.0" encoding="UTF-8"?>
<!-- Generated by org.testng.reporters.JUnitReportReporter -->
<testsuite hostname="DESKTOP-IVI0LCO" failures="0" tests="3" name="vTiger.Practice.DataProviderPractice" time="0.023" errors="0" timestamp="2022-12-11T12:45:20 IST" skipped="0">
  <testcase classname="vTiger.Practice.DataProviderPractice" name="dataProviderPractice" time="0.012"/>
  <system-out/>
  <testcase classname="vTiger.Practice.DataProviderPractice" name="dataProviderPractice" time="0.008"/>
  <system-out/>
  <testcase classname="vTiger.Practice.DataProviderPractice" name="dataProviderPractice" time="0.003"/>
  <system-out/>
</testsuite> <!-- vTiger.Practice.DataProviderPractice -->
